<?xml version="1.0" encoding="UTF-8"?>
<!-- Generated by org.testng.reporters.JUnitXMLReporter -->
<testsuite hostname="Computer" ignored="0" name="Default test" tests="3" failures="0" timestamp="22 Jun 2018 20:59:12 GMT" time="27.523" errors="0">
  <testcase name="loginPageTitleTest" time="0.068" classname="com.crm.qa.testcases.LoginPageTest"/>
  <testcase name="crmLogoImageTest" time="0.128" classname="com.crm.qa.testcases.LoginPageTest"/>
  <testcase name="loginTest" time="7.373" classname="com.crm.qa.testcases.LoginPageTest"/>
</testsuite> <!-- Default test -->
