<?xml version="1.0" encoding="UTF-8"?>
<!-- Generated by org.testng.reporters.JUnitXMLReporter -->
<testsuite hostname="Sergeys-MacBook-Pro.local" ignored="0" name="Command line test" tests="3" failures="0" timestamp="11 Aug 2018 17:11:13 GMT" time="21.06" errors="0">
  <testcase name="verifyHomePageTitleTest" time="0.052" classname="com.crm.qa.testcases.HomePageTest"/>
  <testcase name="verifyUserNameTest" time="0.097" classname="com.crm.qa.testcases.HomePageTest"/>
  <testcase name="verifyContactsLinkTest" time="0.773" classname="com.crm.qa.testcases.HomePageTest"/>
</testsuite> <!-- Command line test -->
