<?xml version="1.0" encoding="UTF-8"?>
<!-- Generated by org.testng.reporters.JUnitXMLReporter -->
<testsuite hostname="Sergeys-MacBook-Pro.local" ignored="0" name="Command line test" tests="3" failures="0" timestamp="10 Aug 2018 21:13:53 GMT" time="18.098" errors="0">
  <testcase name="verifyContactsPageLableTest" time="0.028" classname="com.crm.qa.testcases.ContactsPageTest"/>
  <testcase name="verifyHomePageTitleTest" time="0.012" classname="com.crm.qa.testcases.HomePageTest"/>
  <testcase name="loginPageTitleTest" time="0.004" classname="com.crm.qa.testcases.LoginPageTest"/>
</testsuite> <!-- Command line test -->
