<?xml version="1.0" encoding="UTF-8"?>
<!-- Generated by org.testng.reporters.JUnitXMLReporter -->
<testsuite hostname="Computer" ignored="0" name="CRM Test Cases" tests="12" failures="3" timestamp="25 Jun 2018 23:45:55 GMT" time="115.36" errors="0">
  <testcase name="loginPageTitleTest" time="0.079" classname="com.crm.qa.testcases.LoginPageTest"/>
  <testcase name="verifyHomePageTitleTest" time="0.012" classname="com.crm.qa.testcases.HomePageTest"/>
  <testcase name="verifyContactsPageLableTest" time="0.888" classname="com.crm.qa.testcases.ContactsPageTest"/>
  <testcase name="crmLogoImageTest" time="0.089" classname="com.crm.qa.testcases.LoginPageTest"/>
  <testcase name="verifyUserNameTest" time="0.131" classname="com.crm.qa.testcases.HomePageTest"/>
  <testcase name="selectSingleContactsTest" time="0.769" classname="com.crm.qa.testcases.ContactsPageTest"/>
  <testcase name="loginTest" time="3.041" classname="com.crm.qa.testcases.LoginPageTest"/>
  <testcase name="verifyContactsLinkTest" time="0.298" classname="com.crm.qa.testcases.HomePageTest"/>
  <testcase name="selectMultipleContactsTest" time="0.919" classname="com.crm.qa.testcases.ContactsPageTest"/>
  <testcase name="validateCreateNewContacts" time="0.045" classname="com.crm.qa.testcases.ContactsPageTest">
    <failure type="java.lang.UnsupportedOperationException" message="Not supported yet.">
      <![CDATA[java.lang.UnsupportedOperationException: Not supported yet.
at com.crm.qa.util.WebEventListener.beforeGetScreenshotAs(WebEventListener.java:147)
at org.openqa.selenium.support.events.EventFiringWebDriver.lambda$new$0(EventFiringWebDriver.java:82)
at com.sun.proxy.$Proxy7.beforeGetScreenshotAs(Unknown Source)
at org.openqa.selenium.support.events.EventFiringWebDriver.getScreenshotAs(EventFiringWebDriver.java:285)
at com.crm.qa.util.TestUtil.takeScreenshotAtEndOfTest(TestUtil.java:69)
at com.crm.qa.util.WebEventListener.onException(WebEventListener.java:72)
at org.openqa.selenium.support.events.EventFiringWebDriver.lambda$new$0(EventFiringWebDriver.java:82)
at com.sun.proxy.$Proxy7.onException(Unknown Source)
at org.openqa.selenium.support.events.EventFiringWebDriver.lambda$new$1(EventFiringWebDriver.java:105)
at com.sun.proxy.$Proxy8.perform(Unknown Source)
at org.openqa.selenium.support.events.EventFiringWebDriver.perform(EventFiringWebDriver.java:338)
at org.openqa.selenium.interactions.Actions$BuiltAction.perform(Actions.java:638)
at com.crm.qa.pages.HomePage.clickOnNewContactLink(HomePage.java:55)
at com.crm.qa.testcases.ContactsPageTest.validateCreateNewContacts(ContactsPageTest.java:78)
... Removed 33 stack frames]]>
    </failure>
  </testcase> <!-- validateCreateNewContacts -->
  <testcase name="validateCreateNewContacts" time="0.003" classname="com.crm.qa.testcases.ContactsPageTest">
    <failure type="java.lang.UnsupportedOperationException" message="Not supported yet.">
      <![CDATA[java.lang.UnsupportedOperationException: Not supported yet.
at com.crm.qa.util.WebEventListener.beforeGetScreenshotAs(WebEventListener.java:147)
at org.openqa.selenium.support.events.EventFiringWebDriver.lambda$new$0(EventFiringWebDriver.java:82)
at com.sun.proxy.$Proxy7.beforeGetScreenshotAs(Unknown Source)
at org.openqa.selenium.support.events.EventFiringWebDriver.getScreenshotAs(EventFiringWebDriver.java:285)
at com.crm.qa.util.TestUtil.takeScreenshotAtEndOfTest(TestUtil.java:69)
at com.crm.qa.util.WebEventListener.onException(WebEventListener.java:72)
at org.openqa.selenium.support.events.EventFiringWebDriver.lambda$new$0(EventFiringWebDriver.java:82)
at com.sun.proxy.$Proxy7.onException(Unknown Source)
at org.openqa.selenium.support.events.EventFiringWebDriver.lambda$new$1(EventFiringWebDriver.java:105)
at com.sun.proxy.$Proxy8.perform(Unknown Source)
at org.openqa.selenium.support.events.EventFiringWebDriver.perform(EventFiringWebDriver.java:338)
at org.openqa.selenium.interactions.Actions$BuiltAction.perform(Actions.java:638)
at com.crm.qa.pages.HomePage.clickOnNewContactLink(HomePage.java:55)
at com.crm.qa.testcases.ContactsPageTest.validateCreateNewContacts(ContactsPageTest.java:78)
... Removed 33 stack frames]]>
    </failure>
  </testcase> <!-- validateCreateNewContacts -->
  <testcase name="validateCreateNewContacts" time="0.003" classname="com.crm.qa.testcases.ContactsPageTest">
    <failure type="java.lang.UnsupportedOperationException" message="Not supported yet.">
      <![CDATA[java.lang.UnsupportedOperationException: Not supported yet.
at com.crm.qa.util.WebEventListener.beforeGetScreenshotAs(WebEventListener.java:147)
at org.openqa.selenium.support.events.EventFiringWebDriver.lambda$new$0(EventFiringWebDriver.java:82)
at com.sun.proxy.$Proxy7.beforeGetScreenshotAs(Unknown Source)
at org.openqa.selenium.support.events.EventFiringWebDriver.getScreenshotAs(EventFiringWebDriver.java:285)
at com.crm.qa.util.TestUtil.takeScreenshotAtEndOfTest(TestUtil.java:69)
at com.crm.qa.util.WebEventListener.onException(WebEventListener.java:72)
at org.openqa.selenium.support.events.EventFiringWebDriver.lambda$new$0(EventFiringWebDriver.java:82)
at com.sun.proxy.$Proxy7.onException(Unknown Source)
at org.openqa.selenium.support.events.EventFiringWebDriver.lambda$new$1(EventFiringWebDriver.java:105)
at com.sun.proxy.$Proxy8.perform(Unknown Source)
at org.openqa.selenium.support.events.EventFiringWebDriver.perform(EventFiringWebDriver.java:338)
at org.openqa.selenium.interactions.Actions$BuiltAction.perform(Actions.java:638)
at com.crm.qa.pages.HomePage.clickOnNewContactLink(HomePage.java:55)
at com.crm.qa.testcases.ContactsPageTest.validateCreateNewContacts(ContactsPageTest.java:78)
... Removed 33 stack frames]]>
    </failure>
  </testcase> <!-- validateCreateNewContacts -->
</testsuite> <!-- CRM Test Cases -->
