<?xml version="1.0" encoding="UTF-8"?>
<!-- Generated by org.testng.reporters.JUnitXMLReporter -->
<testsuite hostname="Sergeys-MacBook-Pro.local" ignored="0" name="Command line test" tests="3" failures="0" timestamp="11 Aug 2018 17:10:32 GMT" time="17.329" errors="0">
  <testcase name="loginPageTitleTest" time="0.052" classname="com.crm.qa.testcases.LoginPageTest"/>
  <testcase name="crmLogoImageTest" time="0.103" classname="com.crm.qa.testcases.LoginPageTest"/>
  <testcase name="loginTest" time="6.623" classname="com.crm.qa.testcases.LoginPageTest"/>
</testsuite> <!-- Command line test -->
